2026-03-07 18:52:14 [restartedMain] INFO  com.Logging.LoggingApplication - Starting LoggingApplication using Java 25 with PID 11588 (C:\Project\Spring boot projects\Logging\target\classes started by asus in C:\Project\Spring boot projects\Logging)
2026-03-07 18:52:14 [restartedMain] INFO  com.Logging.LoggingApplication - No active profile set, falling back to 1 default profile: "default"
2026-03-07 18:52:14 [restartedMain] INFO  o.s.b.d.e.DevToolsPropertyDefaultsPostProcessor - Devtools property defaults active! Set 'spring.devtools.add-properties' to 'false' to disable
2026-03-07 18:52:14 [restartedMain] INFO  o.s.b.d.e.DevToolsPropertyDefaultsPostProcessor - For additional web related logging consider setting the 'logging.level.web' property to 'DEBUG'
2026-03-07 18:52:19 [restartedMain] INFO  o.s.b.w.e.tomcat.TomcatWebServer - Tomcat initialized with port 8080 (http)
2026-03-07 18:52:19 [restartedMain] INFO  o.a.coyote.http11.Http11NioProtocol - Initializing ProtocolHandler ["http-nio-8080"]
2026-03-07 18:52:19 [restartedMain] INFO  o.a.catalina.core.StandardService - Starting service [Tomcat]
2026-03-07 18:52:19 [restartedMain] INFO  o.a.catalina.core.StandardEngine - Starting Servlet engine: [Apache Tomcat/10.1.52]
2026-03-07 18:52:19 [restartedMain] INFO  o.a.c.c.C.[Tomcat].[localhost].[/] - Initializing Spring embedded WebApplicationContext
2026-03-07 18:52:19 [restartedMain] INFO  o.s.b.w.s.c.ServletWebServerApplicationContext - Root WebApplicationContext: initialization completed in 5125 ms
2026-03-07 18:52:21 [restartedMain] INFO  o.s.b.d.a.OptionalLiveReloadServer - LiveReload server is running on port 35729
2026-03-07 18:52:21 [restartedMain] INFO  o.a.coyote.http11.Http11NioProtocol - Starting ProtocolHandler ["http-nio-8080"]
2026-03-07 18:52:21 [restartedMain] INFO  o.s.b.w.e.tomcat.TomcatWebServer - Tomcat started on port 8080 (http) with context path '/'
2026-03-07 18:52:21 [restartedMain] INFO  com.Logging.LoggingApplication - Started LoggingApplication in 8.994 seconds (process running for 13.487)
2026-03-07 20:54:52 [restartedMain] INFO  com.Logging.LoggingApplication - Starting LoggingApplication using Java 25 with PID 23776 (C:\Project\Spring boot projects\Logging\target\classes started by asus in C:\Project\Spring boot projects\Logging)
2026-03-07 20:54:52 [restartedMain] INFO  com.Logging.LoggingApplication - No active profile set, falling back to 1 default profile: "default"
2026-03-07 20:54:52 [restartedMain] INFO  o.s.b.d.e.DevToolsPropertyDefaultsPostProcessor - Devtools property defaults active! Set 'spring.devtools.add-properties' to 'false' to disable
2026-03-07 20:54:52 [restartedMain] INFO  o.s.b.d.e.DevToolsPropertyDefaultsPostProcessor - For additional web related logging consider setting the 'logging.level.web' property to 'DEBUG'
2026-03-07 20:54:57 [restartedMain] INFO  o.s.b.w.e.tomcat.TomcatWebServer - Tomcat initialized with port 8080 (http)
2026-03-07 20:54:57 [restartedMain] INFO  o.a.coyote.http11.Http11NioProtocol - Initializing ProtocolHandler ["http-nio-8080"]
2026-03-07 20:54:57 [restartedMain] INFO  o.a.catalina.core.StandardService - Starting service [Tomcat]
2026-03-07 20:54:57 [restartedMain] INFO  o.a.catalina.core.StandardEngine - Starting Servlet engine: [Apache Tomcat/10.1.52]
2026-03-07 20:55:00 [restartedMain] INFO  o.a.c.c.C.[Tomcat].[localhost].[/] - Initializing Spring embedded WebApplicationContext
2026-03-07 20:55:00 [restartedMain] INFO  o.s.b.w.s.c.ServletWebServerApplicationContext - Root WebApplicationContext: initialization completed in 7796 ms
2026-03-07 20:55:01 [restartedMain] INFO  o.s.b.d.a.OptionalLiveReloadServer - LiveReload server is running on port 35729
2026-03-07 20:55:01 [restartedMain] INFO  o.a.coyote.http11.Http11NioProtocol - Starting ProtocolHandler ["http-nio-8080"]
2026-03-07 20:55:01 [restartedMain] INFO  o.s.b.w.e.tomcat.TomcatWebServer - Tomcat started on port 8080 (http) with context path '/'
2026-03-07 20:55:01 [restartedMain] INFO  com.Logging.LoggingApplication - Started LoggingApplication in 11.041 seconds (process running for 18.384)
